<?xml version="1.0" encoding="UTF-8"?>
<!-- Generated by org.testng.reporters.JUnitXMLReporter -->
<testsuite hostname="DESKTOP-0394QNM" ignored="0" name="Default test" tests="5" failures="0" timestamp="01 Aug 2022 09:51:20 GMT" time="29.261" errors="0">
  <testcase name="heading" time="0.092" classname="com.offlineWebsite.DashBoradPage1"/>
  <testcase name="dashboard" time="0.012" classname="com.offlineWebsite.DashBoradPage1"/>
  <testcase name="linkDisplayed" time="0.517" classname="com.offlineWebsite.DashBoradPage1"/>
  <testcase name="check" time="0.196" classname="com.offlineWebsite.DashBoradPage1"/>
  <testcase name="checkWindowDisplayed" time="0.793" classname="com.offlineWebsite.DashBoradPage1"/>
</testsuite> <!-- Default test -->
